Flow report for Project_1210733
Wed Feb 08 11:41:22 2023
Quartus II Version 9.0 Build 132 02/25/2009 SJ Web Edition


---------------------
; Table of Contents ;
---------------------
  1. Legal Notice
  2. Flow Summary
  3. Flow Settings
  4. Flow Non-Default Global Settings
  5. Flow Elapsed Time
  6. Flow OS Summary
  7. Flow Log



----------------
; Legal Notice ;
----------------
Copyright (C) 1991-2009 Altera Corporation
Your use of Altera Corporation's design tools, logic functions 
and other software and tools, and its AMPP partner logic 
functions, and any output files from any of the foregoing 
(including device programming or simulation files), and any 
associated documentation or information are expressly subject 
to the terms and conditions of the Altera Program License 
Subscription Agreement, Altera MegaCore Function License 
Agreement, or other applicable license agreement, including, 
without limitation, that your use is for the sole purpose of 
programming logic devices manufactured by Altera and sold by 
Altera or its authorized distributors.  Please refer to the 
applicable agreement for further details.



+------------------------------------------------------------------------------+
; Flow Summary                                                                 ;
+------------------------------------+-----------------------------------------+
; Flow Status                        ; Successful - Wed Feb 08 11:41:22 2023   ;
; Quartus II Version                 ; 9.0 Build 132 02/25/2009 SJ Web Edition ;
; Revision Name                      ; Project_1210733                         ;
; Top-level Entity Name              ; ALU_behavioral_1210733                  ;
; Family                             ; Cyclone II                              ;
; Device                             ; EP2C20F484C7                            ;
; Timing Models                      ; Final                                   ;
; Met timing requirements            ; Yes                                     ;
; Total logic elements               ; 53 / 18,752 ( < 1 % )                   ;
;     Total combinational functions  ; 53 / 18,752 ( < 1 % )                   ;
;     Dedicated logic registers      ; 0 / 18,752 ( 0 % )                      ;
; Total registers                    ; 0                                       ;
; Total pins                         ; 17 / 315 ( 5 % )                        ;
; Total virtual pins                 ; 0                                       ;
; Total memory bits                  ; 0 / 239,616 ( 0 % )                     ;
; Embedded Multiplier 9-bit elements ; 0 / 52 ( 0 % )                          ;
; Total PLLs                         ; 0 / 4 ( 0 % )                           ;
+------------------------------------+-----------------------------------------+


+-----------------------------------------+
; Flow Settings                           ;
+-------------------+---------------------+
; Option            ; Setting             ;
+-------------------+---------------------+
; Start date & time ; 02/08/2023 11:41:12 ;
; Main task         ; Compilation         ;
; Revision Name     ; Project_1210733     ;
+-------------------+---------------------+


+-------------------------------------------------------------------------------------------------------------------------------------------------------------------------+
; Flow Non-Default Global Settings                                                                                                                                        ;
+------------------------------------+------------------------------------------------------------------+-----------------+------------------------+----------------------+
; Assignment Name                    ; Value                                                            ; Default Value   ; Entity Name            ; Section Id           ;
+------------------------------------+------------------------------------------------------------------+-----------------+------------------------+----------------------+
; COMPILER_SIGNATURE_ID              ; 670057809293.167584927210496                                     ; --              ; --                     ; --                   ;
; EDA_DESIGN_ENTRY_SYNTHESIS_TOOL    ; Design Compiler                                                  ; <None>          ; --                     ; --                   ;
; EDA_INPUT_DATA_FORMAT              ; Edif                                                             ; --              ; --                     ; eda_design_synthesis ;
; EDA_INPUT_VCC_NAME                 ; Vdd                                                              ; --              ; --                     ; eda_design_synthesis ;
; EDA_LMF_FILE                       ; altsyn.lmf                                                       ; --              ; --                     ; eda_design_synthesis ;
; EDA_OUTPUT_DATA_FORMAT             ; Verilog Hdl                                                      ; --              ; --                     ; eda_simulation       ;
; EDA_SIMULATION_TOOL                ; Active-HDL (Verilog)                                             ; <None>          ; --                     ; --                   ;
; EDA_TIME_SCALE                     ; 1 ps                                                             ; --              ; --                     ; eda_simulation       ;
; MAX_CORE_JUNCTION_TEMP             ; 85                                                               ; --              ; --                     ; --                   ;
; MIN_CORE_JUNCTION_TEMP             ; 0                                                                ; --              ; --                     ; --                   ;
; MISC_FILE                          ; C:/Users/Abu-osaid/Documents/Project_1210733/Project_1210733.dpf ; --              ; --                     ; --                   ;
; PARTITION_COLOR                    ; 16764057                                                         ; --              ; ALU_behavioral_1210733 ; Top                  ;
; PARTITION_NETLIST_TYPE             ; SOURCE                                                           ; --              ; ALU_behavioral_1210733 ; Top                  ;
; TOP_LEVEL_ENTITY                   ; ALU_behavioral_1210733                                           ; Project_1210733 ; --                     ; --                   ;
; USE_GENERATED_PHYSICAL_CONSTRAINTS ; Off                                                              ; --              ; --                     ; eda_blast_fpga       ;
+------------------------------------+------------------------------------------------------------------+-----------------+------------------------+----------------------+


+-----------------------------------------------------------------------------------------------------------------------------+
; Flow Elapsed Time                                                                                                           ;
+-------------------------+--------------+-------------------------+---------------------+------------------------------------+
; Module Name             ; Elapsed Time ; Average Processors Used ; Peak Virtual Memory ; Total CPU Time (on all processors) ;
+-------------------------+--------------+-------------------------+---------------------+------------------------------------+
; Analysis & Synthesis    ; 00:00:02     ; 1.0                     ; 227 MB              ; 00:00:02                           ;
; Fitter                  ; 00:00:03     ; 1.0                     ; 280 MB              ; 00:00:03                           ;
; Assembler               ; 00:00:02     ; 1.0                     ; 242 MB              ; 00:00:02                           ;
; Classic Timing Analyzer ; 00:00:00     ; 1.0                     ; 178 MB              ; 00:00:00                           ;
; EDA Netlist Writer      ; 00:00:00     ; 1.0                     ; 167 MB              ; 00:00:00                           ;
; Total                   ; 00:00:07     ; --                      ; --                  ; 00:00:07                           ;
+-------------------------+--------------+-------------------------+---------------------+------------------------------------+


+------------------------------------------------------------------------------------------+
; Flow OS Summary                                                                          ;
+-------------------------+------------------+---------------+------------+----------------+
; Module Name             ; Machine Hostname ; OS Name       ; OS Version ; Processor type ;
+-------------------------+------------------+---------------+------------+----------------+
; Analysis & Synthesis    ; DESKTOP-1B1CMN5  ; Windows Vista ; 6.2        ; x86_64         ;
; Fitter                  ; DESKTOP-1B1CMN5  ; Windows Vista ; 6.2        ; x86_64         ;
; Assembler               ; DESKTOP-1B1CMN5  ; Windows Vista ; 6.2        ; x86_64         ;
; Classic Timing Analyzer ; DESKTOP-1B1CMN5  ; Windows Vista ; 6.2        ; x86_64         ;
; EDA Netlist Writer      ; DESKTOP-1B1CMN5  ; Windows Vista ; 6.2        ; x86_64         ;
+-------------------------+------------------+---------------+------------+----------------+


------------
; Flow Log ;
------------
quartus_map --read_settings_files=on --write_settings_files=off Project_1210733 -c Project_1210733
quartus_fit --read_settings_files=off --write_settings_files=off Project_1210733 -c Project_1210733
quartus_asm --read_settings_files=off --write_settings_files=off Project_1210733 -c Project_1210733
quartus_tan --read_settings_files=off --write_settings_files=off Project_1210733 -c Project_1210733 --timing_analysis_only
quartus_eda --read_settings_files=off --write_settings_files=off Project_1210733 -c Project_1210733



